# JRE version: OpenJDK Runtime Environment (17.0.6) (build 17.0.6+0-b2043.56-9586694)
# Java VM: OpenJDK 64-Bit Server VM (17.0.6+0-b2043.56-9586694, mixed mode, tiered, compressed oops, compressed class ptrs, g1 gc, windows-amd64)
GC Precious Log:
 CPUs: 8 total, 8 available
 Memory: 7960M
 Large Page Support: Disabled
 NUMA Support: Disabled
 Compressed Oops: Enabled (32-bit)
 Heap Region Size: 1M
 Heap Min Capacity: 8M
 Heap Initial Capacity: 126M
 Heap Max Capacity: 2G
 Pre-touch: Disabled
 Parallel Workers: 8
 Concurrent Workers: 2
 Concurrent Refinement Workers: 8
 Periodic GC: Disabled
Heap:
 garbage-first heap   total 481280K, used 243241K [0x0000000080000000, 0x0000000100000000)
  region size 1024K, 9 young (9216K), 9 survivors (9216K)
 Metaspace       used 133566K, committed 134592K, reserved 1171456K
  class space    used 17170K, committed 17664K, reserved 1048576K
GC Heap History (20 events):
Event: 7064.069 GC heap after
{Heap after GC invocations=85 (full 0):
 garbage-first heap   total 370688K, used 203193K [0x0000000080000000, 0x0000000100000000)
  region size 1024K, 2 young (2048K), 2 survivors (2048K)
 Metaspace       used 117672K, committed 118912K, reserved 1155072K
  class space    used 15418K, committed 16000K, reserved 1048576K
}
Event: 7851.988 GC heap before
{Heap before GC invocations=85 (full 0):
 garbage-first heap   total 370688K, used 310713K [0x0000000080000000, 0x0000000100000000)
  region size 1024K, 107 young (109568K), 2 survivors (2048K)
 Metaspace       used 119509K, committed 120832K, reserved 1155072K
  class space    used 15666K, committed 16320K, reserved 1048576K
}
Event: 7852.017 GC heap after
{Heap after GC invocations=86 (full 0):
 garbage-first heap   total 370688K, used 215251K [0x0000000080000000, 0x0000000100000000)
  region size 1024K, 14 young (14336K), 14 survivors (14336K)
 Metaspace       used 119509K, committed 120832K, reserved 1155072K
  class space    used 15666K, committed 16320K, reserved 1048576K
}
Event: 7857.668 GC heap before
{Heap before GC invocations=87 (full 0):
 garbage-first heap   total 377856K, used 308435K [0x0000000080000000, 0x0000000100000000)
  region size 1024K, 104 young (106496K), 14 survivors (14336K)
 Metaspace       used 122760K, committed 123776K, reserved 1163264K
  class space    used 15975K, committed 16512K, reserved 1048576K
}
Event: 7859.143 GC heap after
{Heap after GC invocations=88 (full 0):
 garbage-first heap   total 377856K, used 234213K [0x0000000080000000, 0x0000000100000000)
  region size 1024K, 13 young (13312K), 13 survivors (13312K)
 Metaspace       used 122760K, committed 123776K, reserved 1163264K
  class space    used 15975K, committed 16512K, reserved 1048576K
}
Event: 7859.233 GC heap before
{Heap before GC invocations=88 (full 0):
 garbage-first heap   total 377856K, used 239333K [0x0000000080000000, 0x0000000100000000)
  region size 1024K, 18 young (18432K), 13 survivors (13312K)
 Metaspace       used 122801K, committed 123840K, reserved 1163264K
  class space    used 15975K, committed 16512K, reserved 1048576K
}
Event: 7859.273 GC heap after
{Heap after GC invocations=89 (full 0):
 garbage-first heap   total 377856K, used 235227K [0x0000000080000000, 0x0000000100000000)
  region size 1024K, 3 young (3072K), 3 survivors (3072K)
 Metaspace       used 122801K, committed 123840K, reserved 1163264K
  class space    used 15975K, committed 16512K, reserved 1048576K
}
Event: 7859.535 GC heap before
{Heap before GC invocations=89 (full 0):
 garbage-first heap   total 377856K, used 249563K [0x0000000080000000, 0x0000000100000000)
  region size 1024K, 18 young (18432K), 3 survivors (3072K)
 Metaspace       used 123155K, committed 124160K, reserved 1163264K
  class space    used 16012K, committed 16512K, reserved 1048576K
}
Event: 7859.573 GC heap after
{Heap after GC invocations=90 (full 0):
 garbage-first heap   total 377856K, used 237273K [0x0000000080000000, 0x0000000100000000)
  region size 1024K, 3 young (3072K), 3 survivors (3072K)
 Metaspace       used 123155K, committed 124160K, reserved 1163264K
  class space    used 16012K, committed 16512K, reserved 1048576K
}
Event: 7859.900 GC heap before
{Heap before GC invocations=90 (full 0):
 garbage-first heap   total 377856K, used 259801K [0x0000000080000000, 0x0000000100000000)
  region size 1024K, 18 young (18432K), 3 survivors (3072K)
 Metaspace       used 123427K, committed 124480K, reserved 1163264K
  class space    used 16035K, committed 16576K, reserved 1048576K
}
Event: 7859.925 GC heap after
{Heap after GC invocations=91 (full 0):
 garbage-first heap   total 377856K, used 237295K [0x0000000080000000, 0x0000000100000000)
  region size 1024K, 3 young (3072K), 3 survivors (3072K)
 Metaspace       used 123427K, committed 124480K, reserved 1163264K
  class space    used 16035K, committed 16576K, reserved 1048576K
}
Event: 7860.216 GC heap before
{Heap before GC invocations=91 (full 0):
 garbage-first heap   total 377856K, used 251631K [0x0000000080000000, 0x0000000100000000)
  region size 1024K, 18 young (18432K), 3 survivors (3072K)
 Metaspace       used 123497K, committed 124544K, reserved 1163264K
  class space    used 16041K, committed 16576K, reserved 1048576K
}
Event: 7860.233 GC heap after
{Heap after GC invocations=92 (full 0):
 garbage-first heap   total 377856K, used 235786K [0x0000000080000000, 0x0000000100000000)
  region size 1024K, 2 young (2048K), 2 survivors (2048K)
 Metaspace       used 123497K, committed 124544K, reserved 1163264K
  class space    used 16041K, committed 16576K, reserved 1048576K
}
Event: 7860.355 GC heap before
{Heap before GC invocations=92 (full 0):
 garbage-first heap   total 377856K, used 241930K [0x0000000080000000, 0x0000000100000000)
  region size 1024K, 10 young (10240K), 2 survivors (2048K)
 Metaspace       used 123520K, committed 124544K, reserved 1163264K
  class space    used 16044K, committed 16576K, reserved 1048576K
}
Event: 7860.363 GC heap after
{Heap after GC invocations=93 (full 0):
 garbage-first heap   total 377856K, used 240938K [0x0000000080000000, 0x0000000100000000)
  region size 1024K, 7 young (7168K), 7 survivors (7168K)
 Metaspace       used 123520K, committed 124544K, reserved 1163264K
  class space    used 16044K, committed 16576K, reserved 1048576K
}
Event: 7860.846 GC heap before
{Heap before GC invocations=94 (full 0):
 garbage-first heap   total 481280K, used 325930K [0x0000000080000000, 0x0000000100000000)
  region size 1024K, 77 young (78848K), 7 survivors (7168K)
 Metaspace       used 126776K, committed 127808K, reserved 1163264K
  class space    used 16323K, committed 16832K, reserved 1048576K
}
Event: 7860.852 GC heap after
{Heap after GC invocations=95 (full 0):
 garbage-first heap   total 481280K, used 242254K [0x0000000080000000, 0x0000000100000000)
  region size 1024K, 8 young (8192K), 8 survivors (8192K)
 Metaspace       used 126776K, committed 127808K, reserved 1163264K
  class space    used 16323K, committed 16832K, reserved 1048576K
}
Event: 7860.896 GC heap before
{Heap before GC invocations=95 (full 0):
 garbage-first heap   total 481280K, used 257614K [0x0000000080000000, 0x0000000100000000)
  region size 1024K, 23 young (23552K), 8 survivors (8192K)
 Metaspace       used 126867K, committed 127872K, reserved 1163264K
  class space    used 16329K, committed 16832K, reserved 1048576K
}
Event: 7860.903 GC heap after
{Heap after GC invocations=96 (full 0):
 garbage-first heap   total 481280K, used 236189K [0x0000000080000000, 0x0000000100000000)
  region size 1024K, 2 young (2048K), 2 survivors (2048K)
 Metaspace       used 126867K, committed 127872K, reserved 1163264K
  class space    used 16329K, committed 16832K, reserved 1048576K
}
Event: 7866.885 GC heap before
{Heap before GC invocations=96 (full 0):
 garbage-first heap   total 481280K, used 395933K [0x0000000080000000, 0x0000000100000000)
  region size 1024K, 159 young (162816K), 2 survivors (2048K)
 Metaspace       used 133566K, committed 134592K, reserved 1171456K
  class space    used 17170K, committed 17664K, reserved 1048576K
}

